
*** Running vivado
    with args -log decoder_38.vds -m64 -product Vivado -mode batch -messageDb vivado.pb -notrace -source decoder_38.tcl



****** Vivado v2021.1 (64-bit)
  **** SW Build 3247384 on Thu Jun 10 19:36:33 MDT 2021
  **** IP Build 3246043 on Fri Jun 11 00:30:35 MDT 2021
    ** Copyright 1986-2021 Xilinx, Inc. All Rights Reserved.

source decoder_38.tcl -notrace
Command: synth_design -top decoder_38 -part xc7a100tcsg324-1
Starting synth_design
Attempting to get a license for feature 'Synthesis' and/or device 'xc7a100t'
INFO: [Common 17-349] Got license for feature 'Synthesis' and/or device 'xc7a100t'
INFO: [Device 21-403] Loading part xc7a100tcsg324-1
INFO: [Synth 8-7079] Multithreading enabled for synth_design using a maximum of 2 processes.
INFO: [Synth 8-7078] Launching helper process for spawning children vivado processes
INFO: [Synth 8-7075] Helper process launched with PID 11064
---------------------------------------------------------------------------------
Starting RTL Elaboration : Time (s): cpu = 00:00:04 ; elapsed = 00:00:04 . Memory (MB): peak = 1135.973 ; gain = 0.000
---------------------------------------------------------------------------------
INFO: [Synth 8-6157] synthesizing module 'decoder_38' [D:/code/Github/SOFT130021.01_Digital_Design/Lab1/Lab1_1_decoder/Lab1_1_decoder.srcs/sources_1/new/decoder_38.v:22]
INFO: [Synth 8-6157] synthesizing module 'decoder' [D:/code/Github/SOFT130021.01_Digital_Design/Lab1/Lab1_1_decoder/Lab1_1_decoder.srcs/sources_1/new/decoder_38.v:29]
INFO: [Synth 8-6155] done synthesizing module 'decoder' (1#1) [D:/code/Github/SOFT130021.01_Digital_Design/Lab1/Lab1_1_decoder/Lab1_1_decoder.srcs/sources_1/new/decoder_38.v:29]
INFO: [Synth 8-6155] done synthesizing module 'decoder_38' (2#1) [D:/code/Github/SOFT130021.01_Digital_Design/Lab1/Lab1_1_decoder/Lab1_1_decoder.srcs/sources_1/new/decoder_38.v:22]
---------------------------------------------------------------------------------
Finished RTL Elaboration : Time (s): cpu = 00:00:05 ; elapsed = 00:00:06 . Memory (MB): peak = 1135.973 ; gain = 0.000
---------------------------------------------------------------------------------
---------------------------------------------------------------------------------
Start Handling Custom Attributes
---------------------------------------------------------------------------------
---------------------------------------------------------------------------------
Finished Handling Custom Attributes : Time (s): cpu = 00:00:06 ; elapsed = 00:00:06 . Memory (MB): peak = 1135.973 ; gain = 0.000
---------------------------------------------------------------------------------
---------------------------------------------------------------------------------
Finished RTL Optimization Phase 1 : Time (s): cpu = 00:00:06 ; elapsed = 00:00:06 . Memory (MB): peak = 1135.973 ; gain = 0.000
---------------------------------------------------------------------------------
Netlist sorting complete. Time (s): cpu = 00:00:00 ; elapsed = 00:00:00 . Memory (MB): peak = 1135.973 ; gain = 0.000
INFO: [Project 1-570] Preparing netlist for logic optimization

Processing XDC Constraints
Initializing timing engine
Parsing XDC File [D:/code/Github/SOFT130021.01_Digital_Design/Lab1/Lab1_1_decoder/Nexys4DDR_Master.xdc]
WARNING: [Vivado 12-584] No ports matched 'CLK100MHZ'. [D:/code/Github/SOFT130021.01_Digital_Design/Lab1/Lab1_1_decoder/Nexys4DDR_Master.xdc:7]
CRITICAL WARNING: [Common 17-55] 'set_property' expects at least one object. [D:/code/Github/SOFT130021.01_Digital_Design/Lab1/Lab1_1_decoder/Nexys4DDR_Master.xdc:7]
Resolution: If [get_<value>] was used to populate the object, check to make sure this command returns at least one valid object.
WARNING: [Vivado 12-584] No ports matched 'CLK100MHZ'. [D:/code/Github/SOFT130021.01_Digital_Design/Lab1/Lab1_1_decoder/Nexys4DDR_Master.xdc:8]
CRITICAL WARNING: [Vivado 12-4739] create_clock:No valid object(s) found for '-objects [get_ports CLK100MHZ]'. [D:/code/Github/SOFT130021.01_Digital_Design/Lab1/Lab1_1_decoder/Nexys4DDR_Master.xdc:8]
Resolution: Check if the specified object(s) exists in the current design. If it does, ensure that the correct design hierarchy was specified for the object. If you are working with clocks, make sure create_clock was used to create the clock object before it is referenced.
WARNING: [Vivado 12-584] No ports matched 'SW[3]'. [D:/code/Github/SOFT130021.01_Digital_Design/Lab1/Lab1_1_decoder/Nexys4DDR_Master.xdc:16]
CRITICAL WARNING: [Common 17-55] 'set_property' expects at least one object. [D:/code/Github/SOFT130021.01_Digital_Design/Lab1/Lab1_1_decoder/Nexys4DDR_Master.xdc:16]
Resolution: If [get_<value>] was used to populate the object, check to make sure this command returns at least one valid object.
WARNING: [Vivado 12-584] No ports matched 'SW[4]'. [D:/code/Github/SOFT130021.01_Digital_Design/Lab1/Lab1_1_decoder/Nexys4DDR_Master.xdc:17]
CRITICAL WARNING: [Common 17-55] 'set_property' expects at least one object. [D:/code/Github/SOFT130021.01_Digital_Design/Lab1/Lab1_1_decoder/Nexys4DDR_Master.xdc:17]
Resolution: If [get_<value>] was used to populate the object, check to make sure this command returns at least one valid object.
WARNING: [Vivado 12-584] No ports matched 'SW[5]'. [D:/code/Github/SOFT130021.01_Digital_Design/Lab1/Lab1_1_decoder/Nexys4DDR_Master.xdc:18]
CRITICAL WARNING: [Common 17-55] 'set_property' expects at least one object. [D:/code/Github/SOFT130021.01_Digital_Design/Lab1/Lab1_1_decoder/Nexys4DDR_Master.xdc:18]
Resolution: If [get_<value>] was used to populate the object, check to make sure this command returns at least one valid object.
WARNING: [Vivado 12-584] No ports matched 'SW[6]'. [D:/code/Github/SOFT130021.01_Digital_Design/Lab1/Lab1_1_decoder/Nexys4DDR_Master.xdc:19]
CRITICAL WARNING: [Common 17-55] 'set_property' expects at least one object. [D:/code/Github/SOFT130021.01_Digital_Design/Lab1/Lab1_1_decoder/Nexys4DDR_Master.xdc:19]
Resolution: If [get_<value>] was used to populate the object, check to make sure this command returns at least one valid object.
WARNING: [Vivado 12-584] No ports matched 'SW[7]'. [D:/code/Github/SOFT130021.01_Digital_Design/Lab1/Lab1_1_decoder/Nexys4DDR_Master.xdc:20]
CRITICAL WARNING: [Common 17-55] 'set_property' expects at least one object. [D:/code/Github/SOFT130021.01_Digital_Design/Lab1/Lab1_1_decoder/Nexys4DDR_Master.xdc:20]
Resolution: If [get_<value>] was used to populate the object, check to make sure this command returns at least one valid object.
WARNING: [Vivado 12-584] No ports matched 'SW[8]'. [D:/code/Github/SOFT130021.01_Digital_Design/Lab1/Lab1_1_decoder/Nexys4DDR_Master.xdc:21]
CRITICAL WARNING: [Common 17-55] 'set_property' expects at least one object. [D:/code/Github/SOFT130021.01_Digital_Design/Lab1/Lab1_1_decoder/Nexys4DDR_Master.xdc:21]
Resolution: If [get_<value>] was used to populate the object, check to make sure this command returns at least one valid object.
WARNING: [Vivado 12-584] No ports matched 'SW[9]'. [D:/code/Github/SOFT130021.01_Digital_Design/Lab1/Lab1_1_decoder/Nexys4DDR_Master.xdc:22]
CRITICAL WARNING: [Common 17-55] 'set_property' expects at least one object. [D:/code/Github/SOFT130021.01_Digital_Design/Lab1/Lab1_1_decoder/Nexys4DDR_Master.xdc:22]
Resolution: If [get_<value>] was used to populate the object, check to make sure this command returns at least one valid object.
WARNING: [Vivado 12-584] No ports matched 'SW[10]'. [D:/code/Github/SOFT130021.01_Digital_Design/Lab1/Lab1_1_decoder/Nexys4DDR_Master.xdc:23]
CRITICAL WARNING: [Common 17-55] 'set_property' expects at least one object. [D:/code/Github/SOFT130021.01_Digital_Design/Lab1/Lab1_1_decoder/Nexys4DDR_Master.xdc:23]
Resolution: If [get_<value>] was used to populate the object, check to make sure this command returns at least one valid object.
WARNING: [Vivado 12-584] No ports matched 'SW[11]'. [D:/code/Github/SOFT130021.01_Digital_Design/Lab1/Lab1_1_decoder/Nexys4DDR_Master.xdc:24]
CRITICAL WARNING: [Common 17-55] 'set_property' expects at least one object. [D:/code/Github/SOFT130021.01_Digital_Design/Lab1/Lab1_1_decoder/Nexys4DDR_Master.xdc:24]
Resolution: If [get_<value>] was used to populate the object, check to make sure this command returns at least one valid object.
WARNING: [Vivado 12-584] No ports matched 'SW[12]'. [D:/code/Github/SOFT130021.01_Digital_Design/Lab1/Lab1_1_decoder/Nexys4DDR_Master.xdc:25]
CRITICAL WARNING: [Common 17-55] 'set_property' expects at least one object. [D:/code/Github/SOFT130021.01_Digital_Design/Lab1/Lab1_1_decoder/Nexys4DDR_Master.xdc:25]
Resolution: If [get_<value>] was used to populate the object, check to make sure this command returns at least one valid object.
WARNING: [Vivado 12-584] No ports matched 'SW[13]'. [D:/code/Github/SOFT130021.01_Digital_Design/Lab1/Lab1_1_decoder/Nexys4DDR_Master.xdc:26]
CRITICAL WARNING: [Common 17-55] 'set_property' expects at least one object. [D:/code/Github/SOFT130021.01_Digital_Design/Lab1/Lab1_1_decoder/Nexys4DDR_Master.xdc:26]
Resolution: If [get_<value>] was used to populate the object, check to make sure this command returns at least one valid object.
WARNING: [Vivado 12-584] No ports matched 'SW[14]'. [D:/code/Github/SOFT130021.01_Digital_Design/Lab1/Lab1_1_decoder/Nexys4DDR_Master.xdc:27]
CRITICAL WARNING: [Common 17-55] 'set_property' expects at least one object. [D:/code/Github/SOFT130021.01_Digital_Design/Lab1/Lab1_1_decoder/Nexys4DDR_Master.xdc:27]
Resolution: If [get_<value>] was used to populate the object, check to make sure this command returns at least one valid object.
WARNING: [Vivado 12-584] No ports matched 'SW[15]'. [D:/code/Github/SOFT130021.01_Digital_Design/Lab1/Lab1_1_decoder/Nexys4DDR_Master.xdc:28]
CRITICAL WARNING: [Common 17-55] 'set_property' expects at least one object. [D:/code/Github/SOFT130021.01_Digital_Design/Lab1/Lab1_1_decoder/Nexys4DDR_Master.xdc:28]
Resolution: If [get_<value>] was used to populate the object, check to make sure this command returns at least one valid object.
WARNING: [Vivado 12-584] No ports matched 'LED[8]'. [D:/code/Github/SOFT130021.01_Digital_Design/Lab1/Lab1_1_decoder/Nexys4DDR_Master.xdc:41]
CRITICAL WARNING: [Common 17-55] 'set_property' expects at least one object. [D:/code/Github/SOFT130021.01_Digital_Design/Lab1/Lab1_1_decoder/Nexys4DDR_Master.xdc:41]
Resolution: If [get_<value>] was used to populate the object, check to make sure this command returns at least one valid object.
WARNING: [Vivado 12-584] No ports matched 'LED[9]'. [D:/code/Github/SOFT130021.01_Digital_Design/Lab1/Lab1_1_decoder/Nexys4DDR_Master.xdc:42]
CRITICAL WARNING: [Common 17-55] 'set_property' expects at least one object. [D:/code/Github/SOFT130021.01_Digital_Design/Lab1/Lab1_1_decoder/Nexys4DDR_Master.xdc:42]
Resolution: If [get_<value>] was used to populate the object, check to make sure this command returns at least one valid object.
WARNING: [Vivado 12-584] No ports matched 'LED[10]'. [D:/code/Github/SOFT130021.01_Digital_Design/Lab1/Lab1_1_decoder/Nexys4DDR_Master.xdc:43]
CRITICAL WARNING: [Common 17-55] 'set_property' expects at least one object. [D:/code/Github/SOFT130021.01_Digital_Design/Lab1/Lab1_1_decoder/Nexys4DDR_Master.xdc:43]
Resolution: If [get_<value>] was used to populate the object, check to make sure this command returns at least one valid object.
WARNING: [Vivado 12-584] No ports matched 'LED[11]'. [D:/code/Github/SOFT130021.01_Digital_Design/Lab1/Lab1_1_decoder/Nexys4DDR_Master.xdc:44]
CRITICAL WARNING: [Common 17-55] 'set_property' expects at least one object. [D:/code/Github/SOFT130021.01_Digital_Design/Lab1/Lab1_1_decoder/Nexys4DDR_Master.xdc:44]
Resolution: If [get_<value>] was used to populate the object, check to make sure this command returns at least one valid object.
WARNING: [Vivado 12-584] No ports matched 'LED[12]'. [D:/code/Github/SOFT130021.01_Digital_Design/Lab1/Lab1_1_decoder/Nexys4DDR_Master.xdc:45]
CRITICAL WARNING: [Common 17-55] 'set_property' expects at least one object. [D:/code/Github/SOFT130021.01_Digital_Design/Lab1/Lab1_1_decoder/Nexys4DDR_Master.xdc:45]
Resolution: If [get_<value>] was used to populate the object, check to make sure this command returns at least one valid object.
WARNING: [Vivado 12-584] No ports matched 'LED[13]'. [D:/code/Github/SOFT130021.01_Digital_Design/Lab1/Lab1_1_decoder/Nexys4DDR_Master.xdc:46]
CRITICAL WARNING: [Common 17-55] 'set_property' expects at least one object. [D:/code/Github/SOFT130021.01_Digital_Design/Lab1/Lab1_1_decoder/Nexys4DDR_Master.xdc:46]
Resolution: If [get_<value>] was used to populate the object, check to make sure this command returns at least one valid object.
WARNING: [Vivado 12-584] No ports matched 'LED[14]'. [D:/code/Github/SOFT130021.01_Digital_Design/Lab1/Lab1_1_decoder/Nexys4DDR_Master.xdc:47]
CRITICAL WARNING: [Common 17-55] 'set_property' expects at least one object. [D:/code/Github/SOFT130021.01_Digital_Design/Lab1/Lab1_1_decoder/Nexys4DDR_Master.xdc:47]
Resolution: If [get_<value>] was used to populate the object, check to make sure this command returns at least one valid object.
WARNING: [Vivado 12-584] No ports matched 'LED[15]'. [D:/code/Github/SOFT130021.01_Digital_Design/Lab1/Lab1_1_decoder/Nexys4DDR_Master.xdc:48]
CRITICAL WARNING: [Common 17-55] 'set_property' expects at least one object. [D:/code/Github/SOFT130021.01_Digital_Design/Lab1/Lab1_1_decoder/Nexys4DDR_Master.xdc:48]
Resolution: If [get_<value>] was used to populate the object, check to make sure this command returns at least one valid object.
WARNING: [Vivado 12-584] No ports matched 'LED16_B'. [D:/code/Github/SOFT130021.01_Digital_Design/Lab1/Lab1_1_decoder/Nexys4DDR_Master.xdc:50]
CRITICAL WARNING: [Common 17-55] 'set_property' expects at least one object. [D:/code/Github/SOFT130021.01_Digital_Design/Lab1/Lab1_1_decoder/Nexys4DDR_Master.xdc:50]
Resolution: If [get_<value>] was used to populate the object, check to make sure this command returns at least one valid object.
WARNING: [Vivado 12-584] No ports matched 'LED16_G'. [D:/code/Github/SOFT130021.01_Digital_Design/Lab1/Lab1_1_decoder/Nexys4DDR_Master.xdc:51]
CRITICAL WARNING: [Common 17-55] 'set_property' expects at least one object. [D:/code/Github/SOFT130021.01_Digital_Design/Lab1/Lab1_1_decoder/Nexys4DDR_Master.xdc:51]
Resolution: If [get_<value>] was used to populate the object, check to make sure this command returns at least one valid object.
WARNING: [Vivado 12-584] No ports matched 'LED16_R'. [D:/code/Github/SOFT130021.01_Digital_Design/Lab1/Lab1_1_decoder/Nexys4DDR_Master.xdc:52]
CRITICAL WARNING: [Common 17-55] 'set_property' expects at least one object. [D:/code/Github/SOFT130021.01_Digital_Design/Lab1/Lab1_1_decoder/Nexys4DDR_Master.xdc:52]
Resolution: If [get_<value>] was used to populate the object, check to make sure this command returns at least one valid object.
WARNING: [Vivado 12-584] No ports matched 'LED17_B'. [D:/code/Github/SOFT130021.01_Digital_Design/Lab1/Lab1_1_decoder/Nexys4DDR_Master.xdc:53]
CRITICAL WARNING: [Common 17-55] 'set_property' expects at least one object. [D:/code/Github/SOFT130021.01_Digital_Design/Lab1/Lab1_1_decoder/Nexys4DDR_Master.xdc:53]
Resolution: If [get_<value>] was used to populate the object, check to make sure this command returns at least one valid object.
WARNING: [Vivado 12-584] No ports matched 'LED17_G'. [D:/code/Github/SOFT130021.01_Digital_Design/Lab1/Lab1_1_decoder/Nexys4DDR_Master.xdc:54]
CRITICAL WARNING: [Common 17-55] 'set_property' expects at least one object. [D:/code/Github/SOFT130021.01_Digital_Design/Lab1/Lab1_1_decoder/Nexys4DDR_Master.xdc:54]
Resolution: If [get_<value>] was used to populate the object, check to make sure this command returns at least one valid object.
WARNING: [Vivado 12-584] No ports matched 'LED17_R'. [D:/code/Github/SOFT130021.01_Digital_Design/Lab1/Lab1_1_decoder/Nexys4DDR_Master.xdc:55]
CRITICAL WARNING: [Common 17-55] 'set_property' expects at least one object. [D:/code/Github/SOFT130021.01_Digital_Design/Lab1/Lab1_1_decoder/Nexys4DDR_Master.xdc:55]
Resolution: If [get_<value>] was used to populate the object, check to make sure this command returns at least one valid object.
WARNING: [Vivado 12-584] No ports matched 'A2G[0]'. [D:/code/Github/SOFT130021.01_Digital_Design/Lab1/Lab1_1_decoder/Nexys4DDR_Master.xdc:60]
CRITICAL WARNING: [Common 17-55] 'set_property' expects at least one object. [D:/code/Github/SOFT130021.01_Digital_Design/Lab1/Lab1_1_decoder/Nexys4DDR_Master.xdc:60]
Resolution: If [get_<value>] was used to populate the object, check to make sure this command returns at least one valid object.
WARNING: [Vivado 12-584] No ports matched 'A2G[1]'. [D:/code/Github/SOFT130021.01_Digital_Design/Lab1/Lab1_1_decoder/Nexys4DDR_Master.xdc:61]
CRITICAL WARNING: [Common 17-55] 'set_property' expects at least one object. [D:/code/Github/SOFT130021.01_Digital_Design/Lab1/Lab1_1_decoder/Nexys4DDR_Master.xdc:61]
Resolution: If [get_<value>] was used to populate the object, check to make sure this command returns at least one valid object.
WARNING: [Vivado 12-584] No ports matched 'A2G[2]'. [D:/code/Github/SOFT130021.01_Digital_Design/Lab1/Lab1_1_decoder/Nexys4DDR_Master.xdc:62]
CRITICAL WARNING: [Common 17-55] 'set_property' expects at least one object. [D:/code/Github/SOFT130021.01_Digital_Design/Lab1/Lab1_1_decoder/Nexys4DDR_Master.xdc:62]
Resolution: If [get_<value>] was used to populate the object, check to make sure this command returns at least one valid object.
WARNING: [Vivado 12-584] No ports matched 'A2G[3]'. [D:/code/Github/SOFT130021.01_Digital_Design/Lab1/Lab1_1_decoder/Nexys4DDR_Master.xdc:63]
CRITICAL WARNING: [Common 17-55] 'set_property' expects at least one object. [D:/code/Github/SOFT130021.01_Digital_Design/Lab1/Lab1_1_decoder/Nexys4DDR_Master.xdc:63]
Resolution: If [get_<value>] was used to populate the object, check to make sure this command returns at least one valid object.
WARNING: [Vivado 12-584] No ports matched 'A2G[4]'. [D:/code/Github/SOFT130021.01_Digital_Design/Lab1/Lab1_1_decoder/Nexys4DDR_Master.xdc:64]
CRITICAL WARNING: [Common 17-55] 'set_property' expects at least one object. [D:/code/Github/SOFT130021.01_Digital_Design/Lab1/Lab1_1_decoder/Nexys4DDR_Master.xdc:64]
Resolution: If [get_<value>] was used to populate the object, check to make sure this command returns at least one valid object.
WARNING: [Vivado 12-584] No ports matched 'A2G[5]'. [D:/code/Github/SOFT130021.01_Digital_Design/Lab1/Lab1_1_decoder/Nexys4DDR_Master.xdc:65]
CRITICAL WARNING: [Common 17-55] 'set_property' expects at least one object. [D:/code/Github/SOFT130021.01_Digital_Design/Lab1/Lab1_1_decoder/Nexys4DDR_Master.xdc:65]
Resolution: If [get_<value>] was used to populate the object, check to make sure this command returns at least one valid object.
WARNING: [Vivado 12-584] No ports matched 'A2G[6]'. [D:/code/Github/SOFT130021.01_Digital_Design/Lab1/Lab1_1_decoder/Nexys4DDR_Master.xdc:66]
CRITICAL WARNING: [Common 17-55] 'set_property' expects at least one object. [D:/code/Github/SOFT130021.01_Digital_Design/Lab1/Lab1_1_decoder/Nexys4DDR_Master.xdc:66]
Resolution: If [get_<value>] was used to populate the object, check to make sure this command returns at least one valid object.
WARNING: [Vivado 12-584] No ports matched 'DP'. [D:/code/Github/SOFT130021.01_Digital_Design/Lab1/Lab1_1_decoder/Nexys4DDR_Master.xdc:68]
CRITICAL WARNING: [Common 17-55] 'set_property' expects at least one object. [D:/code/Github/SOFT130021.01_Digital_Design/Lab1/Lab1_1_decoder/Nexys4DDR_Master.xdc:68]
Resolution: If [get_<value>] was used to populate the object, check to make sure this command returns at least one valid object.
WARNING: [Vivado 12-584] No ports matched 'AN[0]'. [D:/code/Github/SOFT130021.01_Digital_Design/Lab1/Lab1_1_decoder/Nexys4DDR_Master.xdc:70]
CRITICAL WARNING: [Common 17-55] 'set_property' expects at least one object. [D:/code/Github/SOFT130021.01_Digital_Design/Lab1/Lab1_1_decoder/Nexys4DDR_Master.xdc:70]
Resolution: If [get_<value>] was used to populate the object, check to make sure this command returns at least one valid object.
WARNING: [Vivado 12-584] No ports matched 'AN[1]'. [D:/code/Github/SOFT130021.01_Digital_Design/Lab1/Lab1_1_decoder/Nexys4DDR_Master.xdc:71]
CRITICAL WARNING: [Common 17-55] 'set_property' expects at least one object. [D:/code/Github/SOFT130021.01_Digital_Design/Lab1/Lab1_1_decoder/Nexys4DDR_Master.xdc:71]
Resolution: If [get_<value>] was used to populate the object, check to make sure this command returns at least one valid object.
WARNING: [Vivado 12-584] No ports matched 'AN[2]'. [D:/code/Github/SOFT130021.01_Digital_Design/Lab1/Lab1_1_decoder/Nexys4DDR_Master.xdc:72]
CRITICAL WARNING: [Common 17-55] 'set_property' expects at least one object. [D:/code/Github/SOFT130021.01_Digital_Design/Lab1/Lab1_1_decoder/Nexys4DDR_Master.xdc:72]
Resolution: If [get_<value>] was used to populate the object, check to make sure this command returns at least one valid object.
WARNING: [Vivado 12-584] No ports matched 'AN[3]'. [D:/code/Github/SOFT130021.01_Digital_Design/Lab1/Lab1_1_decoder/Nexys4DDR_Master.xdc:73]
CRITICAL WARNING: [Common 17-55] 'set_property' expects at least one object. [D:/code/Github/SOFT130021.01_Digital_Design/Lab1/Lab1_1_decoder/Nexys4DDR_Master.xdc:73]
Resolution: If [get_<value>] was used to populate the object, check to make sure this command returns at least one valid object.
WARNING: [Vivado 12-584] No ports matched 'AN[4]'. [D:/code/Github/SOFT130021.01_Digital_Design/Lab1/Lab1_1_decoder/Nexys4DDR_Master.xdc:74]
CRITICAL WARNING: [Common 17-55] 'set_property' expects at least one object. [D:/code/Github/SOFT130021.01_Digital_Design/Lab1/Lab1_1_decoder/Nexys4DDR_Master.xdc:74]
Resolution: If [get_<value>] was used to populate the object, check to make sure this command returns at least one valid object.
WARNING: [Vivado 12-584] No ports matched 'AN[5]'. [D:/code/Github/SOFT130021.01_Digital_Design/Lab1/Lab1_1_decoder/Nexys4DDR_Master.xdc:75]
CRITICAL WARNING: [Common 17-55] 'set_property' expects at least one object. [D:/code/Github/SOFT130021.01_Digital_Design/Lab1/Lab1_1_decoder/Nexys4DDR_Master.xdc:75]
Resolution: If [get_<value>] was used to populate the object, check to make sure this command returns at least one valid object.
WARNING: [Vivado 12-584] No ports matched 'AN[6]'. [D:/code/Github/SOFT130021.01_Digital_Design/Lab1/Lab1_1_decoder/Nexys4DDR_Master.xdc:76]
CRITICAL WARNING: [Common 17-55] 'set_property' expects at least one object. [D:/code/Github/SOFT130021.01_Digital_Design/Lab1/Lab1_1_decoder/Nexys4DDR_Master.xdc:76]
Resolution: If [get_<value>] was used to populate the object, check to make sure this command returns at least one valid object.
WARNING: [Vivado 12-584] No ports matched 'AN[7]'. [D:/code/Github/SOFT130021.01_Digital_Design/Lab1/Lab1_1_decoder/Nexys4DDR_Master.xdc:77]
CRITICAL WARNING: [Common 17-55] 'set_property' expects at least one object. [D:/code/Github/SOFT130021.01_Digital_Design/Lab1/Lab1_1_decoder/Nexys4DDR_Master.xdc:77]
Resolution: If [get_<value>] was used to populate the object, check to make sure this command returns at least one valid object.
WARNING: [Vivado 12-584] No ports matched 'CPU_RESETN'. [D:/code/Github/SOFT130021.01_Digital_Design/Lab1/Lab1_1_decoder/Nexys4DDR_Master.xdc:82]
CRITICAL WARNING: [Common 17-55] 'set_property' expects at least one object. [D:/code/Github/SOFT130021.01_Digital_Design/Lab1/Lab1_1_decoder/Nexys4DDR_Master.xdc:82]
Resolution: If [get_<value>] was used to populate the object, check to make sure this command returns at least one valid object.
WARNING: [Vivado 12-584] No ports matched 'BTNC'. [D:/code/Github/SOFT130021.01_Digital_Design/Lab1/Lab1_1_decoder/Nexys4DDR_Master.xdc:84]
CRITICAL WARNING: [Common 17-55] 'set_property' expects at least one object. [D:/code/Github/SOFT130021.01_Digital_Design/Lab1/Lab1_1_decoder/Nexys4DDR_Master.xdc:84]
Resolution: If [get_<value>] was used to populate the object, check to make sure this command returns at least one valid object.
WARNING: [Vivado 12-584] No ports matched 'BTNU'. [D:/code/Github/SOFT130021.01_Digital_Design/Lab1/Lab1_1_decoder/Nexys4DDR_Master.xdc:85]
CRITICAL WARNING: [Common 17-55] 'set_property' expects at least one object. [D:/code/Github/SOFT130021.01_Digital_Design/Lab1/Lab1_1_decoder/Nexys4DDR_Master.xdc:85]
Resolution: If [get_<value>] was used to populate the object, check to make sure this command returns at least one valid object.
WARNING: [Vivado 12-584] No ports matched 'BTNL'. [D:/code/Github/SOFT130021.01_Digital_Design/Lab1/Lab1_1_decoder/Nexys4DDR_Master.xdc:86]
CRITICAL WARNING: [Common 17-55] 'set_property' expects at least one object. [D:/code/Github/SOFT130021.01_Digital_Design/Lab1/Lab1_1_decoder/Nexys4DDR_Master.xdc:86]
Resolution: If [get_<value>] was used to populate the object, check to make sure this command returns at least one valid object.
WARNING: [Vivado 12-584] No ports matched 'BTNR'. [D:/code/Github/SOFT130021.01_Digital_Design/Lab1/Lab1_1_decoder/Nexys4DDR_Master.xdc:87]
CRITICAL WARNING: [Common 17-55] 'set_property' expects at least one object. [D:/code/Github/SOFT130021.01_Digital_Design/Lab1/Lab1_1_decoder/Nexys4DDR_Master.xdc:87]
Resolution: If [get_<value>] was used to populate the object, check to make sure this command returns at least one valid object.
WARNING: [Vivado 12-584] No ports matched 'BTND'. [D:/code/Github/SOFT130021.01_Digital_Design/Lab1/Lab1_1_decoder/Nexys4DDR_Master.xdc:88]
CRITICAL WARNING: [Common 17-55] 'set_property' expects at least one object. [D:/code/Github/SOFT130021.01_Digital_Design/Lab1/Lab1_1_decoder/Nexys4DDR_Master.xdc:88]
Resolution: If [get_<value>] was used to populate the object, check to make sure this command returns at least one valid object.
WARNING: [Vivado 12-584] No ports matched 'JA[1]'. [D:/code/Github/SOFT130021.01_Digital_Design/Lab1/Lab1_1_decoder/Nexys4DDR_Master.xdc:96]
CRITICAL WARNING: [Common 17-55] 'set_property' expects at least one object. [D:/code/Github/SOFT130021.01_Digital_Design/Lab1/Lab1_1_decoder/Nexys4DDR_Master.xdc:96]
Resolution: If [get_<value>] was used to populate the object, check to make sure this command returns at least one valid object.
WARNING: [Vivado 12-584] No ports matched 'JA[2]'. [D:/code/Github/SOFT130021.01_Digital_Design/Lab1/Lab1_1_decoder/Nexys4DDR_Master.xdc:97]
CRITICAL WARNING: [Common 17-55] 'set_property' expects at least one object. [D:/code/Github/SOFT130021.01_Digital_Design/Lab1/Lab1_1_decoder/Nexys4DDR_Master.xdc:97]
Resolution: If [get_<value>] was used to populate the object, check to make sure this command returns at least one valid object.
WARNING: [Vivado 12-584] No ports matched 'JA[3]'. [D:/code/Github/SOFT130021.01_Digital_Design/Lab1/Lab1_1_decoder/Nexys4DDR_Master.xdc:98]
CRITICAL WARNING: [Common 17-55] 'set_property' expects at least one object. [D:/code/Github/SOFT130021.01_Digital_Design/Lab1/Lab1_1_decoder/Nexys4DDR_Master.xdc:98]
Resolution: If [get_<value>] was used to populate the object, check to make sure this command returns at least one valid object.
WARNING: [Vivado 12-584] No ports matched 'JA[4]'. [D:/code/Github/SOFT130021.01_Digital_Design/Lab1/Lab1_1_decoder/Nexys4DDR_Master.xdc:99]
CRITICAL WARNING: [Common 17-55] 'set_property' expects at least one object. [D:/code/Github/SOFT130021.01_Digital_Design/Lab1/Lab1_1_decoder/Nexys4DDR_Master.xdc:99]
Resolution: If [get_<value>] was used to populate the object, check to make sure this command returns at least one valid object.
WARNING: [Vivado 12-584] No ports matched 'JA[7]'. [D:/code/Github/SOFT130021.01_Digital_Design/Lab1/Lab1_1_decoder/Nexys4DDR_Master.xdc:100]
CRITICAL WARNING: [Common 17-55] 'set_property' expects at least one object. [D:/code/Github/SOFT130021.01_Digital_Design/Lab1/Lab1_1_decoder/Nexys4DDR_Master.xdc:100]
Resolution: If [get_<value>] was used to populate the object, check to make sure this command returns at least one valid object.
WARNING: [Vivado 12-584] No ports matched 'JA[8]'. [D:/code/Github/SOFT130021.01_Digital_Design/Lab1/Lab1_1_decoder/Nexys4DDR_Master.xdc:101]
CRITICAL WARNING: [Common 17-55] 'set_property' expects at least one object. [D:/code/Github/SOFT130021.01_Digital_Design/Lab1/Lab1_1_decoder/Nexys4DDR_Master.xdc:101]
Resolution: If [get_<value>] was used to populate the object, check to make sure this command returns at least one valid object.
WARNING: [Vivado 12-584] No ports matched 'JA[9]'. [D:/code/Github/SOFT130021.01_Digital_Design/Lab1/Lab1_1_decoder/Nexys4DDR_Master.xdc:102]
CRITICAL WARNING: [Common 17-55] 'set_property' expects at least one object. [D:/code/Github/SOFT130021.01_Digital_Design/Lab1/Lab1_1_decoder/Nexys4DDR_Master.xdc:102]
Resolution: If [get_<value>] was used to populate the object, check to make sure this command returns at least one valid object.
WARNING: [Vivado 12-584] No ports matched 'JA[10]'. [D:/code/Github/SOFT130021.01_Digital_Design/Lab1/Lab1_1_decoder/Nexys4DDR_Master.xdc:103]
CRITICAL WARNING: [Common 17-55] 'set_property' expects at least one object. [D:/code/Github/SOFT130021.01_Digital_Design/Lab1/Lab1_1_decoder/Nexys4DDR_Master.xdc:103]
Resolution: If [get_<value>] was used to populate the object, check to make sure this command returns at least one valid object.
WARNING: [Vivado 12-584] No ports matched 'JB[1]'. [D:/code/Github/SOFT130021.01_Digital_Design/Lab1/Lab1_1_decoder/Nexys4DDR_Master.xdc:108]
CRITICAL WARNING: [Common 17-55] 'set_property' expects at least one object. [D:/code/Github/SOFT130021.01_Digital_Design/Lab1/Lab1_1_decoder/Nexys4DDR_Master.xdc:108]
Resolution: If [get_<value>] was used to populate the object, check to make sure this command returns at least one valid object.
WARNING: [Vivado 12-584] No ports matched 'JB[2]'. [D:/code/Github/SOFT130021.01_Digital_Design/Lab1/Lab1_1_decoder/Nexys4DDR_Master.xdc:109]
CRITICAL WARNING: [Common 17-55] 'set_property' expects at least one object. [D:/code/Github/SOFT130021.01_Digital_Design/Lab1/Lab1_1_decoder/Nexys4DDR_Master.xdc:109]
Resolution: If [get_<value>] was used to populate the object, check to make sure this command returns at least one valid object.
WARNING: [Vivado 12-584] No ports matched 'JB[3]'. [D:/code/Github/SOFT130021.01_Digital_Design/Lab1/Lab1_1_decoder/Nexys4DDR_Master.xdc:110]
CRITICAL WARNING: [Common 17-55] 'set_property' expects at least one object. [D:/code/Github/SOFT130021.01_Digital_Design/Lab1/Lab1_1_decoder/Nexys4DDR_Master.xdc:110]
Resolution: If [get_<value>] was used to populate the object, check to make sure this command returns at least one valid object.
WARNING: [Vivado 12-584] No ports matched 'JB[4]'. [D:/code/Github/SOFT130021.01_Digital_Design/Lab1/Lab1_1_decoder/Nexys4DDR_Master.xdc:111]
CRITICAL WARNING: [Common 17-55] 'set_property' expects at least one object. [D:/code/Github/SOFT130021.01_Digital_Design/Lab1/Lab1_1_decoder/Nexys4DDR_Master.xdc:111]
Resolution: If [get_<value>] was used to populate the object, check to make sure this command returns at least one valid object.
WARNING: [Vivado 12-584] No ports matched 'JB[7]'. [D:/code/Github/SOFT130021.01_Digital_Design/Lab1/Lab1_1_decoder/Nexys4DDR_Master.xdc:112]
CRITICAL WARNING: [Common 17-55] 'set_property' expects at least one object. [D:/code/Github/SOFT130021.01_Digital_Design/Lab1/Lab1_1_decoder/Nexys4DDR_Master.xdc:112]
Resolution: If [get_<value>] was used to populate the object, check to make sure this command returns at least one valid object.
WARNING: [Vivado 12-584] No ports matched 'JB[8]'. [D:/code/Github/SOFT130021.01_Digital_Design/Lab1/Lab1_1_decoder/Nexys4DDR_Master.xdc:113]
CRITICAL WARNING: [Common 17-55] 'set_property' expects at least one object. [D:/code/Github/SOFT130021.01_Digital_Design/Lab1/Lab1_1_decoder/Nexys4DDR_Master.xdc:113]
Resolution: If [get_<value>] was used to populate the object, check to make sure this command returns at least one valid object.
WARNING: [Vivado 12-584] No ports matched 'JB[9]'. [D:/code/Github/SOFT130021.01_Digital_Design/Lab1/Lab1_1_decoder/Nexys4DDR_Master.xdc:114]
CRITICAL WARNING: [Common 17-55] 'set_property' expects at least one object. [D:/code/Github/SOFT130021.01_Digital_Design/Lab1/Lab1_1_decoder/Nexys4DDR_Master.xdc:114]
Resolution: If [get_<value>] was used to populate the object, check to make sure this command returns at least one valid object.
WARNING: [Vivado 12-584] No ports matched 'JB[10]'. [D:/code/Github/SOFT130021.01_Digital_Design/Lab1/Lab1_1_decoder/Nexys4DDR_Master.xdc:115]
CRITICAL WARNING: [Common 17-55] 'set_property' expects at least one object. [D:/code/Github/SOFT130021.01_Digital_Design/Lab1/Lab1_1_decoder/Nexys4DDR_Master.xdc:115]
Resolution: If [get_<value>] was used to populate the object, check to make sure this command returns at least one valid object.
WARNING: [Vivado 12-584] No ports matched 'JC[1]'. [D:/code/Github/SOFT130021.01_Digital_Design/Lab1/Lab1_1_decoder/Nexys4DDR_Master.xdc:120]
CRITICAL WARNING: [Common 17-55] 'set_property' expects at least one object. [D:/code/Github/SOFT130021.01_Digital_Design/Lab1/Lab1_1_decoder/Nexys4DDR_Master.xdc:120]
Resolution: If [get_<value>] was used to populate the object, check to make sure this command returns at least one valid object.
WARNING: [Vivado 12-584] No ports matched 'JC[2]'. [D:/code/Github/SOFT130021.01_Digital_Design/Lab1/Lab1_1_decoder/Nexys4DDR_Master.xdc:121]
CRITICAL WARNING: [Common 17-55] 'set_property' expects at least one object. [D:/code/Github/SOFT130021.01_Digital_Design/Lab1/Lab1_1_decoder/Nexys4DDR_Master.xdc:121]
Resolution: If [get_<value>] was used to populate the object, check to make sure this command returns at least one valid object.
WARNING: [Vivado 12-584] No ports matched 'JC[3]'. [D:/code/Github/SOFT130021.01_Digital_Design/Lab1/Lab1_1_decoder/Nexys4DDR_Master.xdc:122]
CRITICAL WARNING: [Common 17-55] 'set_property' expects at least one object. [D:/code/Github/SOFT130021.01_Digital_Design/Lab1/Lab1_1_decoder/Nexys4DDR_Master.xdc:122]
Resolution: If [get_<value>] was used to populate the object, check to make sure this command returns at least one valid object.
WARNING: [Vivado 12-584] No ports matched 'JC[4]'. [D:/code/Github/SOFT130021.01_Digital_Design/Lab1/Lab1_1_decoder/Nexys4DDR_Master.xdc:123]
CRITICAL WARNING: [Common 17-55] 'set_property' expects at least one object. [D:/code/Github/SOFT130021.01_Digital_Design/Lab1/Lab1_1_decoder/Nexys4DDR_Master.xdc:123]
Resolution: If [get_<value>] was used to populate the object, check to make sure this command returns at least one valid object.
WARNING: [Vivado 12-584] No ports matched 'JC[7]'. [D:/code/Github/SOFT130021.01_Digital_Design/Lab1/Lab1_1_decoder/Nexys4DDR_Master.xdc:124]
CRITICAL WARNING: [Common 17-55] 'set_property' expects at least one object. [D:/code/Github/SOFT130021.01_Digital_Design/Lab1/Lab1_1_decoder/Nexys4DDR_Master.xdc:124]
Resolution: If [get_<value>] was used to populate the object, check to make sure this command returns at least one valid object.
WARNING: [Vivado 12-584] No ports matched 'JC[8]'. [D:/code/Github/SOFT130021.01_Digital_Design/Lab1/Lab1_1_decoder/Nexys4DDR_Master.xdc:125]
CRITICAL WARNING: [Common 17-55] 'set_property' expects at least one object. [D:/code/Github/SOFT130021.01_Digital_Design/Lab1/Lab1_1_decoder/Nexys4DDR_Master.xdc:125]
Resolution: If [get_<value>] was used to populate the object, check to make sure this command returns at least one valid object.
WARNING: [Vivado 12-584] No ports matched 'JC[9]'. [D:/code/Github/SOFT130021.01_Digital_Design/Lab1/Lab1_1_decoder/Nexys4DDR_Master.xdc:126]
CRITICAL WARNING: [Common 17-55] 'set_property' expects at least one object. [D:/code/Github/SOFT130021.01_Digital_Design/Lab1/Lab1_1_decoder/Nexys4DDR_Master.xdc:126]
Resolution: If [get_<value>] was used to populate the object, check to make sure this command returns at least one valid object.
WARNING: [Vivado 12-584] No ports matched 'JC[10]'. [D:/code/Github/SOFT130021.01_Digital_Design/Lab1/Lab1_1_decoder/Nexys4DDR_Master.xdc:127]
CRITICAL WARNING: [Common 17-55] 'set_property' expects at least one object. [D:/code/Github/SOFT130021.01_Digital_Design/Lab1/Lab1_1_decoder/Nexys4DDR_Master.xdc:127]
Resolution: If [get_<value>] was used to populate the object, check to make sure this command returns at least one valid object.
WARNING: [Vivado 12-584] No ports matched 'JD[1]'. [D:/code/Github/SOFT130021.01_Digital_Design/Lab1/Lab1_1_decoder/Nexys4DDR_Master.xdc:132]
CRITICAL WARNING: [Common 17-55] 'set_property' expects at least one object. [D:/code/Github/SOFT130021.01_Digital_Design/Lab1/Lab1_1_decoder/Nexys4DDR_Master.xdc:132]
Resolution: If [get_<value>] was used to populate the object, check to make sure this command returns at least one valid object.
WARNING: [Vivado 12-584] No ports matched 'JD[2]'. [D:/code/Github/SOFT130021.01_Digital_Design/Lab1/Lab1_1_decoder/Nexys4DDR_Master.xdc:133]
CRITICAL WARNING: [Common 17-55] 'set_property' expects at least one object. [D:/code/Github/SOFT130021.01_Digital_Design/Lab1/Lab1_1_decoder/Nexys4DDR_Master.xdc:133]
Resolution: If [get_<value>] was used to populate the object, check to make sure this command returns at least one valid object.
WARNING: [Vivado 12-584] No ports matched 'JD[3]'. [D:/code/Github/SOFT130021.01_Digital_Design/Lab1/Lab1_1_decoder/Nexys4DDR_Master.xdc:134]
CRITICAL WARNING: [Common 17-55] 'set_property' expects at least one object. [D:/code/Github/SOFT130021.01_Digital_Design/Lab1/Lab1_1_decoder/Nexys4DDR_Master.xdc:134]
Resolution: If [get_<value>] was used to populate the object, check to make sure this command returns at least one valid object.
WARNING: [Vivado 12-584] No ports matched 'JD[4]'. [D:/code/Github/SOFT130021.01_Digital_Design/Lab1/Lab1_1_decoder/Nexys4DDR_Master.xdc:135]
CRITICAL WARNING: [Common 17-55] 'set_property' expects at least one object. [D:/code/Github/SOFT130021.01_Digital_Design/Lab1/Lab1_1_decoder/Nexys4DDR_Master.xdc:135]
Resolution: If [get_<value>] was used to populate the object, check to make sure this command returns at least one valid object.
WARNING: [Vivado 12-584] No ports matched 'JD[7]'. [D:/code/Github/SOFT130021.01_Digital_Design/Lab1/Lab1_1_decoder/Nexys4DDR_Master.xdc:136]
CRITICAL WARNING: [Common 17-55] 'set_property' expects at least one object. [D:/code/Github/SOFT130021.01_Digital_Design/Lab1/Lab1_1_decoder/Nexys4DDR_Master.xdc:136]
Resolution: If [get_<value>] was used to populate the object, check to make sure this command returns at least one valid object.
WARNING: [Vivado 12-584] No ports matched 'JD[8]'. [D:/code/Github/SOFT130021.01_Digital_Design/Lab1/Lab1_1_decoder/Nexys4DDR_Master.xdc:137]
CRITICAL WARNING: [Common 17-55] 'set_property' expects at least one object. [D:/code/Github/SOFT130021.01_Digital_Design/Lab1/Lab1_1_decoder/Nexys4DDR_Master.xdc:137]
Resolution: If [get_<value>] was used to populate the object, check to make sure this command returns at least one valid object.
WARNING: [Vivado 12-584] No ports matched 'JD[9]'. [D:/code/Github/SOFT130021.01_Digital_Design/Lab1/Lab1_1_decoder/Nexys4DDR_Master.xdc:138]
CRITICAL WARNING: [Common 17-55] 'set_property' expects at least one object. [D:/code/Github/SOFT130021.01_Digital_Design/Lab1/Lab1_1_decoder/Nexys4DDR_Master.xdc:138]
Resolution: If [get_<value>] was used to populate the object, check to make sure this command returns at least one valid object.
WARNING: [Vivado 12-584] No ports matched 'JD[10]'. [D:/code/Github/SOFT130021.01_Digital_Design/Lab1/Lab1_1_decoder/Nexys4DDR_Master.xdc:139]
CRITICAL WARNING: [Common 17-55] 'set_property' expects at least one object. [D:/code/Github/SOFT130021.01_Digital_Design/Lab1/Lab1_1_decoder/Nexys4DDR_Master.xdc:139]
Resolution: If [get_<value>] was used to populate the object, check to make sure this command returns at least one valid object.
WARNING: [Vivado 12-584] No ports matched 'XA_N[1]'. [D:/code/Github/SOFT130021.01_Digital_Design/Lab1/Lab1_1_decoder/Nexys4DDR_Master.xdc:144]
CRITICAL WARNING: [Common 17-55] 'set_property' expects at least one object. [D:/code/Github/SOFT130021.01_Digital_Design/Lab1/Lab1_1_decoder/Nexys4DDR_Master.xdc:144]
Resolution: If [get_<value>] was used to populate the object, check to make sure this command returns at least one valid object.
WARNING: [Vivado 12-584] No ports matched 'XA_P[1]'. [D:/code/Github/SOFT130021.01_Digital_Design/Lab1/Lab1_1_decoder/Nexys4DDR_Master.xdc:145]
CRITICAL WARNING: [Common 17-55] 'set_property' expects at least one object. [D:/code/Github/SOFT130021.01_Digital_Design/Lab1/Lab1_1_decoder/Nexys4DDR_Master.xdc:145]
Resolution: If [get_<value>] was used to populate the object, check to make sure this command returns at least one valid object.
WARNING: [Vivado 12-584] No ports matched 'XA_N[2]'. [D:/code/Github/SOFT130021.01_Digital_Design/Lab1/Lab1_1_decoder/Nexys4DDR_Master.xdc:146]
CRITICAL WARNING: [Common 17-55] 'set_property' expects at least one object. [D:/code/Github/SOFT130021.01_Digital_Design/Lab1/Lab1_1_decoder/Nexys4DDR_Master.xdc:146]
Resolution: If [get_<value>] was used to populate the object, check to make sure this command returns at least one valid object.
WARNING: [Vivado 12-584] No ports matched 'XA_P[2]'. [D:/code/Github/SOFT130021.01_Digital_Design/Lab1/Lab1_1_decoder/Nexys4DDR_Master.xdc:147]
CRITICAL WARNING: [Common 17-55] 'set_property' expects at least one object. [D:/code/Github/SOFT130021.01_Digital_Design/Lab1/Lab1_1_decoder/Nexys4DDR_Master.xdc:147]
Resolution: If [get_<value>] was used to populate the object, check to make sure this command returns at least one valid object.
WARNING: [Vivado 12-584] No ports matched 'XA_N[3]'. [D:/code/Github/SOFT130021.01_Digital_Design/Lab1/Lab1_1_decoder/Nexys4DDR_Master.xdc:148]
CRITICAL WARNING: [Common 17-55] 'set_property' expects at least one object. [D:/code/Github/SOFT130021.01_Digital_Design/Lab1/Lab1_1_decoder/Nexys4DDR_Master.xdc:148]
Resolution: If [get_<value>] was used to populate the object, check to make sure this command returns at least one valid object.
WARNING: [Vivado 12-584] No ports matched 'XA_P[3]'. [D:/code/Github/SOFT130021.01_Digital_Design/Lab1/Lab1_1_decoder/Nexys4DDR_Master.xdc:149]
CRITICAL WARNING: [Common 17-55] 'set_property' expects at least one object. [D:/code/Github/SOFT130021.01_Digital_Design/Lab1/Lab1_1_decoder/Nexys4DDR_Master.xdc:149]
Resolution: If [get_<value>] was used to populate the object, check to make sure this command returns at least one valid object.
WARNING: [Vivado 12-584] No ports matched 'XA_N[4]'. [D:/code/Github/SOFT130021.01_Digital_Design/Lab1/Lab1_1_decoder/Nexys4DDR_Master.xdc:150]
CRITICAL WARNING: [Common 17-55] 'set_property' expects at least one object. [D:/code/Github/SOFT130021.01_Digital_Design/Lab1/Lab1_1_decoder/Nexys4DDR_Master.xdc:150]
Resolution: If [get_<value>] was used to populate the object, check to make sure this command returns at least one valid object.
WARNING: [Vivado 12-584] No ports matched 'XA_P[4]'. [D:/code/Github/SOFT130021.01_Digital_Design/Lab1/Lab1_1_decoder/Nexys4DDR_Master.xdc:151]
CRITICAL WARNING: [Common 17-55] 'set_property' expects at least one object. [D:/code/Github/SOFT130021.01_Digital_Design/Lab1/Lab1_1_decoder/Nexys4DDR_Master.xdc:151]
Resolution: If [get_<value>] was used to populate the object, check to make sure this command returns at least one valid object.
WARNING: [Vivado 12-584] No ports matched 'VGA_R[0]'. [D:/code/Github/SOFT130021.01_Digital_Design/Lab1/Lab1_1_decoder/Nexys4DDR_Master.xdc:156]
CRITICAL WARNING: [Common 17-55] 'set_property' expects at least one object. [D:/code/Github/SOFT130021.01_Digital_Design/Lab1/Lab1_1_decoder/Nexys4DDR_Master.xdc:156]
Resolution: If [get_<value>] was used to populate the object, check to make sure this command returns at least one valid object.
WARNING: [Vivado 12-584] No ports matched 'VGA_R[1]'. [D:/code/Github/SOFT130021.01_Digital_Design/Lab1/Lab1_1_decoder/Nexys4DDR_Master.xdc:157]
CRITICAL WARNING: [Common 17-55] 'set_property' expects at least one object. [D:/code/Github/SOFT130021.01_Digital_Design/Lab1/Lab1_1_decoder/Nexys4DDR_Master.xdc:157]
Resolution: If [get_<value>] was used to populate the object, check to make sure this command returns at least one valid object.
WARNING: [Vivado 12-584] No ports matched 'VGA_R[2]'. [D:/code/Github/SOFT130021.01_Digital_Design/Lab1/Lab1_1_decoder/Nexys4DDR_Master.xdc:158]
CRITICAL WARNING: [Common 17-55] 'set_property' expects at least one object. [D:/code/Github/SOFT130021.01_Digital_Design/Lab1/Lab1_1_decoder/Nexys4DDR_Master.xdc:158]
Resolution: If [get_<value>] was used to populate the object, check to make sure this command returns at least one valid object.
WARNING: [Vivado 12-584] No ports matched 'VGA_R[3]'. [D:/code/Github/SOFT130021.01_Digital_Design/Lab1/Lab1_1_decoder/Nexys4DDR_Master.xdc:159]
CRITICAL WARNING: [Common 17-55] 'set_property' expects at least one object. [D:/code/Github/SOFT130021.01_Digital_Design/Lab1/Lab1_1_decoder/Nexys4DDR_Master.xdc:159]
Resolution: If [get_<value>] was used to populate the object, check to make sure this command returns at least one valid object.
WARNING: [Vivado 12-584] No ports matched 'VGA_G[0]'. [D:/code/Github/SOFT130021.01_Digital_Design/Lab1/Lab1_1_decoder/Nexys4DDR_Master.xdc:161]
CRITICAL WARNING: [Common 17-55] 'set_property' expects at least one object. [D:/code/Github/SOFT130021.01_Digital_Design/Lab1/Lab1_1_decoder/Nexys4DDR_Master.xdc:161]
Resolution: If [get_<value>] was used to populate the object, check to make sure this command returns at least one valid object.
WARNING: [Vivado 12-584] No ports matched 'VGA_G[1]'. [D:/code/Github/SOFT130021.01_Digital_Design/Lab1/Lab1_1_decoder/Nexys4DDR_Master.xdc:162]
CRITICAL WARNING: [Common 17-55] 'set_property' expects at least one object. [D:/code/Github/SOFT130021.01_Digital_Design/Lab1/Lab1_1_decoder/Nexys4DDR_Master.xdc:162]
Resolution: If [get_<value>] was used to populate the object, check to make sure this command returns at least one valid object.
WARNING: [Vivado 12-584] No ports matched 'VGA_G[2]'. [D:/code/Github/SOFT130021.01_Digital_Design/Lab1/Lab1_1_decoder/Nexys4DDR_Master.xdc:163]
CRITICAL WARNING: [Common 17-55] 'set_property' expects at least one object. [D:/code/Github/SOFT130021.01_Digital_Design/Lab1/Lab1_1_decoder/Nexys4DDR_Master.xdc:163]
Resolution: If [get_<value>] was used to populate the object, check to make sure this command returns at least one valid object.
WARNING: [Vivado 12-584] No ports matched 'VGA_G[3]'. [D:/code/Github/SOFT130021.01_Digital_Design/Lab1/Lab1_1_decoder/Nexys4DDR_Master.xdc:164]
CRITICAL WARNING: [Common 17-55] 'set_property' expects at least one object. [D:/code/Github/SOFT130021.01_Digital_Design/Lab1/Lab1_1_decoder/Nexys4DDR_Master.xdc:164]
Resolution: If [get_<value>] was used to populate the object, check to make sure this command returns at least one valid object.
WARNING: [Vivado 12-584] No ports matched 'VGA_B[0]'. [D:/code/Github/SOFT130021.01_Digital_Design/Lab1/Lab1_1_decoder/Nexys4DDR_Master.xdc:166]
INFO: [Common 17-14] Message 'Vivado 12-584' appears 100 times and further instances of the messages will be disabled. Use the Tcl command set_msg_config to change the current settings. [D:/code/Github/SOFT130021.01_Digital_Design/Lab1/Lab1_1_decoder/Nexys4DDR_Master.xdc:166]
CRITICAL WARNING: [Common 17-55] 'set_property' expects at least one object. [D:/code/Github/SOFT130021.01_Digital_Design/Lab1/Lab1_1_decoder/Nexys4DDR_Master.xdc:166]
Resolution: If [get_<value>] was used to populate the object, check to make sure this command returns at least one valid object.
CRITICAL WARNING: [Common 17-55] 'set_property' expects at least one object. [D:/code/Github/SOFT130021.01_Digital_Design/Lab1/Lab1_1_decoder/Nexys4DDR_Master.xdc:167]
Resolution: If [get_<value>] was used to populate the object, check to make sure this command returns at least one valid object.
Finished Parsing XDC File [D:/code/Github/SOFT130021.01_Digital_Design/Lab1/Lab1_1_decoder/Nexys4DDR_Master.xdc]
INFO: [Project 1-236] Implementation specific constraints were found while reading constraint file [D:/code/Github/SOFT130021.01_Digital_Design/Lab1/Lab1_1_decoder/Nexys4DDR_Master.xdc]. These constraints will be ignored for synthesis but will be used in implementation. Impacted constraints are listed in the file [.Xil/decoder_38_propImpl.xdc].
Resolution: To avoid this warning, move constraints listed in [.Xil/decoder_38_propImpl.xdc] to another XDC file and exclude this new file from synthesis with the used_in_synthesis property (File Properties dialog in GUI) and re-run elaboration/synthesis.
Completed Processing XDC Constraints

Netlist sorting complete. Time (s): cpu = 00:00:00 ; elapsed = 00:00:00 . Memory (MB): peak = 1135.973 ; gain = 0.000
INFO: [Project 1-111] Unisim Transformation Summary:
No Unisim elements were transformed.

Constraint Validation Runtime : Time (s): cpu = 00:00:00 ; elapsed = 00:00:00.002 . Memory (MB): peak = 1135.973 ; gain = 0.000
---------------------------------------------------------------------------------
Finished Constraint Validation : Time (s): cpu = 00:00:12 ; elapsed = 00:00:12 . Memory (MB): peak = 1135.973 ; gain = 0.000
---------------------------------------------------------------------------------
---------------------------------------------------------------------------------
Start Loading Part and Timing Information
---------------------------------------------------------------------------------
Loading part: xc7a100tcsg324-1
---------------------------------------------------------------------------------
Finished Loading Part and Timing Information : Time (s): cpu = 00:00:12 ; elapsed = 00:00:12 . Memory (MB): peak = 1135.973 ; gain = 0.000
---------------------------------------------------------------------------------
---------------------------------------------------------------------------------
Start Applying 'set_property' XDC Constraints
---------------------------------------------------------------------------------
---------------------------------------------------------------------------------
Finished applying 'set_property' XDC Constraints : Time (s): cpu = 00:00:12 ; elapsed = 00:00:12 . Memory (MB): peak = 1135.973 ; gain = 0.000
---------------------------------------------------------------------------------
---------------------------------------------------------------------------------
Finished RTL Optimization Phase 2 : Time (s): cpu = 00:00:12 ; elapsed = 00:00:13 . Memory (MB): peak = 1135.973 ; gain = 0.000
---------------------------------------------------------------------------------
---------------------------------------------------------------------------------
Start RTL Component Statistics 
---------------------------------------------------------------------------------
Detailed RTL Component Info : 
---------------------------------------------------------------------------------
Finished RTL Component Statistics 
---------------------------------------------------------------------------------
---------------------------------------------------------------------------------
Start Part Resource Summary
---------------------------------------------------------------------------------
Part Resources:
DSPs: 240 (col length:80)
BRAMs: 270 (col length: RAMB18 80 RAMB36 40)
---------------------------------------------------------------------------------
Finished Part Resource Summary
---------------------------------------------------------------------------------
---------------------------------------------------------------------------------
Start Cross Boundary and Area Optimization
---------------------------------------------------------------------------------
---------------------------------------------------------------------------------
Finished Cross Boundary and Area Optimization : Time (s): cpu = 00:00:13 ; elapsed = 00:00:14 . Memory (MB): peak = 1135.973 ; gain = 0.000
---------------------------------------------------------------------------------
---------------------------------------------------------------------------------
Start Applying XDC Timing Constraints
---------------------------------------------------------------------------------
---------------------------------------------------------------------------------
Finished Applying XDC Timing Constraints : Time (s): cpu = 00:00:19 ; elapsed = 00:00:20 . Memory (MB): peak = 1135.973 ; gain = 0.000
---------------------------------------------------------------------------------
---------------------------------------------------------------------------------
Start Timing Optimization
---------------------------------------------------------------------------------
---------------------------------------------------------------------------------
Finished Timing Optimization : Time (s): cpu = 00:00:19 ; elapsed = 00:00:20 . Memory (MB): peak = 1135.973 ; gain = 0.000
---------------------------------------------------------------------------------
---------------------------------------------------------------------------------
Start Technology Mapping
---------------------------------------------------------------------------------
---------------------------------------------------------------------------------
Finished Technology Mapping : Time (s): cpu = 00:00:19 ; elapsed = 00:00:20 . Memory (MB): peak = 1135.973 ; gain = 0.000
---------------------------------------------------------------------------------
---------------------------------------------------------------------------------
Start IO Insertion
---------------------------------------------------------------------------------
---------------------------------------------------------------------------------
Start Flattening Before IO Insertion
---------------------------------------------------------------------------------
---------------------------------------------------------------------------------
Finished Flattening Before IO Insertion
---------------------------------------------------------------------------------
---------------------------------------------------------------------------------
Start Final Netlist Cleanup
---------------------------------------------------------------------------------
---------------------------------------------------------------------------------
Finished Final Netlist Cleanup
---------------------------------------------------------------------------------
---------------------------------------------------------------------------------
Finished IO Insertion : Time (s): cpu = 00:00:23 ; elapsed = 00:00:24 . Memory (MB): peak = 1135.973 ; gain = 0.000
---------------------------------------------------------------------------------
---------------------------------------------------------------------------------
Start Renaming Generated Instances
---------------------------------------------------------------------------------
---------------------------------------------------------------------------------
Finished Renaming Generated Instances : Time (s): cpu = 00:00:23 ; elapsed = 00:00:24 . Memory (MB): peak = 1135.973 ; gain = 0.000
---------------------------------------------------------------------------------
---------------------------------------------------------------------------------
Start Rebuilding User Hierarchy
---------------------------------------------------------------------------------
---------------------------------------------------------------------------------
Finished Rebuilding User Hierarchy : Time (s): cpu = 00:00:23 ; elapsed = 00:00:24 . Memory (MB): peak = 1135.973 ; gain = 0.000
---------------------------------------------------------------------------------
---------------------------------------------------------------------------------
Start Renaming Generated Ports
---------------------------------------------------------------------------------
---------------------------------------------------------------------------------
Finished Renaming Generated Ports : Time (s): cpu = 00:00:23 ; elapsed = 00:00:24 . Memory (MB): peak = 1135.973 ; gain = 0.000
---------------------------------------------------------------------------------
---------------------------------------------------------------------------------
Start Handling Custom Attributes
---------------------------------------------------------------------------------
---------------------------------------------------------------------------------
Finished Handling Custom Attributes : Time (s): cpu = 00:00:23 ; elapsed = 00:00:24 . Memory (MB): peak = 1135.973 ; gain = 0.000
---------------------------------------------------------------------------------
---------------------------------------------------------------------------------
Start Renaming Generated Nets
---------------------------------------------------------------------------------
---------------------------------------------------------------------------------
Finished Renaming Generated Nets : Time (s): cpu = 00:00:23 ; elapsed = 00:00:24 . Memory (MB): peak = 1135.973 ; gain = 0.000
---------------------------------------------------------------------------------
---------------------------------------------------------------------------------
Start Writing Synthesis Report
---------------------------------------------------------------------------------

Report BlackBoxes: 
+-+--------------+----------+
| |BlackBox name |Instances |
+-+--------------+----------+
+-+--------------+----------+

Report Cell Usage: 
+------+-----+------+
|      |Cell |Count |
+------+-----+------+
|1     |LUT3 |     8|
|2     |IBUF |     3|
|3     |OBUF |     8|
+------+-----+------+
---------------------------------------------------------------------------------
Finished Writing Synthesis Report : Time (s): cpu = 00:00:23 ; elapsed = 00:00:24 . Memory (MB): peak = 1135.973 ; gain = 0.000
---------------------------------------------------------------------------------
Synthesis finished with 0 errors, 0 critical warnings and 0 warnings.
Synthesis Optimization Runtime : Time (s): cpu = 00:00:15 ; elapsed = 00:00:22 . Memory (MB): peak = 1135.973 ; gain = 0.000
Synthesis Optimization Complete : Time (s): cpu = 00:00:23 ; elapsed = 00:00:24 . Memory (MB): peak = 1135.973 ; gain = 0.000
INFO: [Project 1-571] Translating synthesized netlist
Netlist sorting complete. Time (s): cpu = 00:00:00 ; elapsed = 00:00:00 . Memory (MB): peak = 1135.973 ; gain = 0.000
INFO: [Project 1-570] Preparing netlist for logic optimization
INFO: [Opt 31-138] Pushed 0 inverter(s) to 0 load pin(s).
Netlist sorting complete. Time (s): cpu = 00:00:00 ; elapsed = 00:00:00 . Memory (MB): peak = 1143.809 ; gain = 0.000
INFO: [Project 1-111] Unisim Transformation Summary:
No Unisim elements were transformed.

Synth Design complete, checksum: de26c7e9
INFO: [Common 17-83] Releasing license: Synthesis
18 Infos, 100 Warnings, 101 Critical Warnings and 0 Errors encountered.
synth_design completed successfully
synth_design: Time (s): cpu = 00:00:27 ; elapsed = 00:00:28 . Memory (MB): peak = 1143.809 ; gain = 7.836
INFO: [runtcl-6] Synthesis results are not added to the cache due to CRITICAL_WARNING
INFO: [Common 17-1381] The checkpoint 'D:/code/Github/SOFT130021.01_Digital_Design/Lab1/Lab1_1_decoder/Lab1_1_decoder.runs/synth_1/decoder_38.dcp' has been generated.
INFO: [runtcl-4] Executing : report_utilization -file decoder_38_utilization_synth.rpt -pb decoder_38_utilization_synth.pb
INFO: [Common 17-206] Exiting Vivado at Wed Oct 20 09:20:55 2021...
